{"/Users/jass/Desktop/RETO-RIMAC-REACT/src/app/hooks.ts": {"path":"/Users/jass/Desktop/RETO-RIMAC-REACT/src/app/hooks.ts","statementMap":{"0":{"start":{"line":1,"column":0},"end":{"line":1,"column":55}},"1":{"start":{"line":5,"column":13},"end":{"line":5,"column":61}},"2":{"start":{"line":6,"column":13},"end":{"line":6,"column":75}}},"fnMap":{},"branchMap":{},"s":{"0":3,"1":3,"2":3},"f":{},"b":{}}
,"/Users/jass/Desktop/RETO-RIMAC-REACT/src/app/store.ts": {"path":"/Users/jass/Desktop/RETO-RIMAC-REACT/src/app/store.ts","statementMap":{"0":{"start":{"line":1,"column":0},"end":{"line":1,"column":50}},"1":{"start":{"line":2,"column":0},"end":{"line":2,"column":46}},"2":{"start":{"line":3,"column":0},"end":{"line":3,"column":48}},"3":{"start":{"line":6,"column":13},"end":{"line":11,"column":3}}},"fnMap":{},"branchMap":{},"s":{"0":3,"1":3,"2":3,"3":3},"f":{},"b":{}}
,"/Users/jass/Desktop/RETO-RIMAC-REACT/src/components/Icons/ArrowLeft.tsx": {"path":"/Users/jass/Desktop/RETO-RIMAC-REACT/src/components/Icons/ArrowLeft.tsx","statementMap":{"0":{"start":{"line":1,"column":22},"end":{"line":13,"column":null}},"1":{"start":{"line":2,"column":2},"end":{"line":12,"column":null}},"2":{"start":{"line":15,"column":0},"end":{"line":15,"column":29}}},"fnMap":{"0":{"name":"(anonymous_0)","decl":{"start":{"line":1,"column":22},"end":{"line":1,"column":25}},"loc":{"start":{"line":2,"column":2},"end":{"line":12,"column":null}}}},"branchMap":{},"s":{"0":2,"1":2,"2":2},"f":{"0":2},"b":{}}
,"/Users/jass/Desktop/RETO-RIMAC-REACT/src/components/Icons/ArrowRight.tsx": {"path":"/Users/jass/Desktop/RETO-RIMAC-REACT/src/components/Icons/ArrowRight.tsx","statementMap":{"0":{"start":{"line":1,"column":23},"end":{"line":13,"column":null}},"1":{"start":{"line":2,"column":2},"end":{"line":12,"column":null}},"2":{"start":{"line":15,"column":0},"end":{"line":15,"column":30}}},"fnMap":{"0":{"name":"(anonymous_0)","decl":{"start":{"line":1,"column":23},"end":{"line":1,"column":26}},"loc":{"start":{"line":2,"column":2},"end":{"line":12,"column":null}}}},"branchMap":{},"s":{"0":2,"1":0,"2":2},"f":{"0":0},"b":{}}
,"/Users/jass/Desktop/RETO-RIMAC-REACT/src/components/Icons/index.tsx": {"path":"/Users/jass/Desktop/RETO-RIMAC-REACT/src/components/Icons/index.tsx","statementMap":{"0":{"start":{"line":1,"column":0},"end":{"line":1,"column":7}},"1":{"start":{"line":4,"column":9},"end":{"line":1,"column":40}},"2":{"start":{"line":2,"column":0},"end":{"line":2,"column":7}},"3":{"start":{"line":4,"column":24},"end":{"line":2,"column":42}}},"fnMap":{},"branchMap":{},"s":{"0":2,"1":2,"2":2,"3":2},"f":{},"b":{}}
,"/Users/jass/Desktop/RETO-RIMAC-REACT/src/components/atom/Badge/Badge.tsx": {"path":"/Users/jass/Desktop/RETO-RIMAC-REACT/src/components/atom/Badge/Badge.tsx","statementMap":{"0":{"start":{"line":2,"column":0},"end":{"line":2,"column":23}},"1":{"start":{"line":3,"column":0},"end":{"line":3,"column":49}},"2":{"start":{"line":4,"column":0},"end":{"line":4,"column":56}},"3":{"start":{"line":12,"column":25},"end":{"line":23,"column":1}},"4":{"start":{"line":13,"column":2},"end":{"line":22,"column":4}},"5":{"start":{"line":25,"column":0},"end":{"line":25,"column":21}}},"fnMap":{"0":{"name":"(anonymous_0)","decl":{"start":{"line":12,"column":25},"end":{"line":12,"column":26}},"loc":{"start":{"line":12,"column":71},"end":{"line":23,"column":1}}}},"branchMap":{"0":{"loc":{"start":{"line":12,"column":38},"end":{"line":12,"column":65}},"type":"default-arg","locations":[{"start":{"line":12,"column":45},"end":{"line":12,"column":65}}]},"1":{"loc":{"start":{"line":17,"column":8},"end":{"line":17,"column":55}},"type":"cond-expr","locations":[{"start":{"line":17,"column":37},"end":{"line":17,"column":50}},{"start":{"line":17,"column":53},"end":{"line":17,"column":55}}]}},"s":{"0":4,"1":4,"2":4,"3":4,"4":5,"5":4},"f":{"0":5},"b":{"0":[4],"1":[1,4]}}
,"/Users/jass/Desktop/RETO-RIMAC-REACT/src/components/atom/Badge/index.tsx": {"path":"/Users/jass/Desktop/RETO-RIMAC-REACT/src/components/atom/Badge/index.tsx","statementMap":{"0":{"start":{"line":1,"column":0},"end":{"line":1,"column":9}},"1":{"start":{"line":1,"column":9},"end":{"line":1,"column":34}}},"fnMap":{"0":{"name":"(anonymous_0)","decl":{"start":{"line":1,"column":9},"end":{"line":1,"column":16}},"loc":{"start":{"line":1,"column":9},"end":{"line":1,"column":34}}}},"branchMap":{},"s":{"0":3,"1":5},"f":{"0":2},"b":{}}
,"/Users/jass/Desktop/RETO-RIMAC-REACT/src/components/atom/Button/Button.tsx": {"path":"/Users/jass/Desktop/RETO-RIMAC-REACT/src/components/atom/Button/Button.tsx","statementMap":{"0":{"start":{"line":2,"column":0},"end":{"line":2,"column":23}},"1":{"start":{"line":3,"column":0},"end":{"line":3,"column":49}},"2":{"start":{"line":13,"column":26},"end":{"line":33,"column":1}},"3":{"start":{"line":20,"column":2},"end":{"line":32,"column":4}},"4":{"start":{"line":34,"column":0},"end":{"line":34,"column":22}}},"fnMap":{"0":{"name":"(anonymous_0)","decl":{"start":{"line":13,"column":26},"end":{"line":13,"column":27}},"loc":{"start":{"line":19,"column":5},"end":{"line":33,"column":1}}},"1":{"name":"(anonymous_1)","decl":{"start":{"line":15,"column":12},"end":{"line":15,"column":15}},"loc":{"start":{"line":15,"column":17},"end":{"line":15,"column":20}}}},"branchMap":{"0":{"loc":{"start":{"line":15,"column":2},"end":{"line":15,"column":20}},"type":"default-arg","locations":[{"start":{"line":15,"column":12},"end":{"line":15,"column":20}}]},"1":{"loc":{"start":{"line":16,"column":2},"end":{"line":16,"column":17}},"type":"default-arg","locations":[{"start":{"line":16,"column":9},"end":{"line":16,"column":17}}]},"2":{"loc":{"start":{"line":17,"column":2},"end":{"line":17,"column":17}},"type":"default-arg","locations":[{"start":{"line":17,"column":12},"end":{"line":17,"column":17}}]},"3":{"loc":{"start":{"line":18,"column":2},"end":{"line":18,"column":19}},"type":"default-arg","locations":[{"start":{"line":18,"column":14},"end":{"line":18,"column":19}}]},"4":{"loc":{"start":{"line":24,"column":8},"end":{"line":24,"column":40}},"type":"cond-expr","locations":[{"start":{"line":24,"column":18},"end":{"line":24,"column":35}},{"start":{"line":24,"column":38},"end":{"line":24,"column":40}}]},"5":{"loc":{"start":{"line":25,"column":8},"end":{"line":25,"column":44}},"type":"cond-expr","locations":[{"start":{"line":25,"column":20},"end":{"line":25,"column":39}},{"start":{"line":25,"column":42},"end":{"line":25,"column":44}}]}},"s":{"0":4,"1":4,"2":4,"3":9,"4":4},"f":{"0":9,"1":1},"b":{"0":[7],"1":[6],"2":[6],"3":[6],"4":[3,6],"5":[3,6]}}
,"/Users/jass/Desktop/RETO-RIMAC-REACT/src/components/atom/Button/index.tsx": {"path":"/Users/jass/Desktop/RETO-RIMAC-REACT/src/components/atom/Button/index.tsx","statementMap":{"0":{"start":{"line":1,"column":0},"end":{"line":1,"column":9}},"1":{"start":{"line":1,"column":9},"end":{"line":1,"column":35}}},"fnMap":{"0":{"name":"(anonymous_0)","decl":{"start":{"line":1,"column":9},"end":{"line":1,"column":16}},"loc":{"start":{"line":1,"column":9},"end":{"line":1,"column":35}}}},"branchMap":{},"s":{"0":3,"1":7},"f":{"0":4},"b":{}}
,"/Users/jass/Desktop/RETO-RIMAC-REACT/src/components/atom/ButtonBack/ButtonBack.tsx": {"path":"/Users/jass/Desktop/RETO-RIMAC-REACT/src/components/atom/ButtonBack/ButtonBack.tsx","statementMap":{"0":{"start":{"line":2,"column":0},"end":{"line":2,"column":44}},"1":{"start":{"line":3,"column":0},"end":{"line":3,"column":23}},"2":{"start":{"line":9,"column":30},"end":{"line":18,"column":1}},"3":{"start":{"line":10,"column":2},"end":{"line":17,"column":4}},"4":{"start":{"line":20,"column":0},"end":{"line":20,"column":26}}},"fnMap":{"0":{"name":"(anonymous_0)","decl":{"start":{"line":9,"column":30},"end":{"line":9,"column":31}},"loc":{"start":{"line":9,"column":57},"end":{"line":18,"column":1}}},"1":{"name":"(anonymous_1)","decl":{"start":{"line":9,"column":43},"end":{"line":9,"column":46}},"loc":{"start":{"line":9,"column":48},"end":{"line":9,"column":51}}}},"branchMap":{"0":{"loc":{"start":{"line":9,"column":33},"end":{"line":9,"column":51}},"type":"default-arg","locations":[{"start":{"line":9,"column":43},"end":{"line":9,"column":51}}]}},"s":{"0":2,"1":2,"2":2,"3":2,"4":2},"f":{"0":2,"1":0},"b":{"0":[1]}}
,"/Users/jass/Desktop/RETO-RIMAC-REACT/src/components/atom/ButtonBack/index.tsx": {"path":"/Users/jass/Desktop/RETO-RIMAC-REACT/src/components/atom/ButtonBack/index.tsx","statementMap":{"0":{"start":{"line":1,"column":0},"end":{"line":1,"column":9}},"1":{"start":{"line":1,"column":9},"end":{"line":1,"column":39}}},"fnMap":{"0":{"name":"(anonymous_0)","decl":{"start":{"line":1,"column":9},"end":{"line":1,"column":16}},"loc":{"start":{"line":1,"column":9},"end":{"line":1,"column":39}}}},"branchMap":{},"s":{"0":1,"1":1},"f":{"0":0},"b":{}}
,"/Users/jass/Desktop/RETO-RIMAC-REACT/src/components/atom/Checkbox/Checkbox.tsx": {"path":"/Users/jass/Desktop/RETO-RIMAC-REACT/src/components/atom/Checkbox/Checkbox.tsx","statementMap":{"0":{"start":{"line":1,"column":0},"end":{"line":1,"column":39}},"1":{"start":{"line":2,"column":0},"end":{"line":2,"column":22}},"2":{"start":{"line":11,"column":28},"end":{"line":24,"column":null}},"3":{"start":{"line":13,"column":4},"end":{"line":23,"column":6}},"4":{"start":{"line":27,"column":0},"end":{"line":27,"column":24}}},"fnMap":{"0":{"name":"(anonymous_0)","decl":{"start":{"line":12,"column":2},"end":{"line":12,"column":3}},"loc":{"start":{"line":12,"column":59},"end":{"line":24,"column":3}}}},"branchMap":{},"s":{"0":3,"1":3,"2":3,"3":11,"4":3},"f":{"0":11},"b":{}}
,"/Users/jass/Desktop/RETO-RIMAC-REACT/src/components/atom/Checkbox/index.tsx": {"path":"/Users/jass/Desktop/RETO-RIMAC-REACT/src/components/atom/Checkbox/index.tsx","statementMap":{"0":{"start":{"line":1,"column":0},"end":{"line":1,"column":9}},"1":{"start":{"line":1,"column":9},"end":{"line":1,"column":37}}},"fnMap":{"0":{"name":"(anonymous_0)","decl":{"start":{"line":1,"column":9},"end":{"line":1,"column":16}},"loc":{"start":{"line":1,"column":9},"end":{"line":1,"column":37}}}},"branchMap":{},"s":{"0":2,"1":10},"f":{"0":8},"b":{}}
,"/Users/jass/Desktop/RETO-RIMAC-REACT/src/components/atom/Input/Input.tsx": {"path":"/Users/jass/Desktop/RETO-RIMAC-REACT/src/components/atom/Input/Input.tsx","statementMap":{"0":{"start":{"line":1,"column":0},"end":{"line":1,"column":39}},"1":{"start":{"line":2,"column":0},"end":{"line":2,"column":23}},"2":{"start":{"line":3,"column":0},"end":{"line":3,"column":49}},"3":{"start":{"line":14,"column":25},"end":{"line":36,"column":null}},"4":{"start":{"line":16,"column":4},"end":{"line":35,"column":6}},"5":{"start":{"line":39,"column":0},"end":{"line":39,"column":21}}},"fnMap":{"0":{"name":"(anonymous_0)","decl":{"start":{"line":15,"column":2},"end":{"line":15,"column":3}},"loc":{"start":{"line":15,"column":85},"end":{"line":36,"column":3}}}},"branchMap":{"0":{"loc":{"start":{"line":15,"column":51},"end":{"line":15,"column":64}},"type":"default-arg","locations":[{"start":{"line":15,"column":60},"end":{"line":15,"column":64}}]},"1":{"loc":{"start":{"line":20,"column":10},"end":{"line":20,"column":49}},"type":"cond-expr","locations":[{"start":{"line":20,"column":19},"end":{"line":20,"column":44}},{"start":{"line":20,"column":47},"end":{"line":20,"column":49}}]}},"s":{"0":3,"1":3,"2":3,"3":3,"4":9,"5":3},"f":{"0":9},"b":{"0":[6],"1":[6,3]}}
,"/Users/jass/Desktop/RETO-RIMAC-REACT/src/components/atom/Input/index.tsx": {"path":"/Users/jass/Desktop/RETO-RIMAC-REACT/src/components/atom/Input/index.tsx","statementMap":{"0":{"start":{"line":1,"column":0},"end":{"line":1,"column":9}},"1":{"start":{"line":1,"column":9},"end":{"line":1,"column":34}}},"fnMap":{"0":{"name":"(anonymous_0)","decl":{"start":{"line":1,"column":9},"end":{"line":1,"column":16}},"loc":{"start":{"line":1,"column":9},"end":{"line":1,"column":34}}}},"branchMap":{},"s":{"0":2,"1":6},"f":{"0":4},"b":{}}
,"/Users/jass/Desktop/RETO-RIMAC-REACT/src/components/atom/Spinner/Spinner.tsx": {"path":"/Users/jass/Desktop/RETO-RIMAC-REACT/src/components/atom/Spinner/Spinner.tsx","statementMap":{"0":{"start":{"line":1,"column":0},"end":{"line":1,"column":23}},"1":{"start":{"line":3,"column":16},"end":{"line":5,"column":1}},"2":{"start":{"line":4,"column":2},"end":{"line":4,"column":41}},"3":{"start":{"line":7,"column":0},"end":{"line":7,"column":23}}},"fnMap":{"0":{"name":"(anonymous_0)","decl":{"start":{"line":3,"column":16},"end":{"line":3,"column":19}},"loc":{"start":{"line":3,"column":21},"end":{"line":5,"column":1}}}},"branchMap":{},"s":{"0":1,"1":1,"2":1,"3":1},"f":{"0":1},"b":{}}
,"/Users/jass/Desktop/RETO-RIMAC-REACT/src/components/molecule/OptionCard/OptionCard.tsx": {"path":"/Users/jass/Desktop/RETO-RIMAC-REACT/src/components/molecule/OptionCard/OptionCard.tsx","statementMap":{"0":{"start":{"line":2,"column":0},"end":{"line":2,"column":23}},"1":{"start":{"line":3,"column":0},"end":{"line":3,"column":49}},"2":{"start":{"line":13,"column":30},"end":{"line":53,"column":1}},"3":{"start":{"line":19,"column":2},"end":{"line":52,"column":4}},"4":{"start":{"line":55,"column":0},"end":{"line":55,"column":26}}},"fnMap":{"0":{"name":"(anonymous_0)","decl":{"start":{"line":13,"column":30},"end":{"line":13,"column":31}},"loc":{"start":{"line":18,"column":5},"end":{"line":53,"column":1}}},"1":{"name":"(anonymous_1)","decl":{"start":{"line":15,"column":12},"end":{"line":15,"column":15}},"loc":{"start":{"line":15,"column":17},"end":{"line":15,"column":20}}}},"branchMap":{"0":{"loc":{"start":{"line":14,"column":2},"end":{"line":14,"column":17}},"type":"default-arg","locations":[{"start":{"line":14,"column":13},"end":{"line":14,"column":17}}]},"1":{"loc":{"start":{"line":15,"column":2},"end":{"line":15,"column":20}},"type":"default-arg","locations":[{"start":{"line":15,"column":12},"end":{"line":15,"column":20}}]},"2":{"loc":{"start":{"line":24,"column":8},"end":{"line":24,"column":47}},"type":"cond-expr","locations":[{"start":{"line":24,"column":19},"end":{"line":24,"column":42}},{"start":{"line":24,"column":45},"end":{"line":24,"column":47}}]},"3":{"loc":{"start":{"line":31,"column":12},"end":{"line":31,"column":64}},"type":"cond-expr","locations":[{"start":{"line":31,"column":23},"end":{"line":31,"column":59}},{"start":{"line":31,"column":62},"end":{"line":31,"column":64}}]},"4":{"loc":{"start":{"line":34,"column":11},"end":{"line":41,"column":18}},"type":"cond-expr","locations":[{"start":{"line":35,"column":12},"end":{"line":39,"column":null}},{"start":{"line":41,"column":14},"end":{"line":41,"column":18}}]}},"s":{"0":1,"1":1,"2":1,"3":4,"4":1},"f":{"0":4,"1":0},"b":{"0":[2],"1":[3],"2":[2,2],"3":[2,2],"4":[2,2]}}
,"/Users/jass/Desktop/RETO-RIMAC-REACT/src/components/molecule/PlanCard/PlanCard.tsx": {"path":"/Users/jass/Desktop/RETO-RIMAC-REACT/src/components/molecule/PlanCard/PlanCard.tsx","statementMap":{"0":{"start":{"line":3,"column":0},"end":{"line":3,"column":23}},"1":{"start":{"line":4,"column":0},"end":{"line":4,"column":37}},"2":{"start":{"line":5,"column":0},"end":{"line":5,"column":null}},"3":{"start":{"line":10,"column":0},"end":{"line":10,"column":39}},"4":{"start":{"line":11,"column":0},"end":{"line":11,"column":23}},"5":{"start":{"line":19,"column":28},"end":{"line":74,"column":1}},"6":{"start":{"line":20,"column":20},"end":{"line":20,"column":49}},"7":{"start":{"line":21,"column":19},"end":{"line":21,"column":74}},"8":{"start":{"line":22,"column":23},"end":{"line":22,"column":63}},"9":{"start":{"line":24,"column":19},"end":{"line":26,"column":7}},"10":{"start":{"line":28,"column":21},"end":{"line":28,"column":42}},"11":{"start":{"line":30,"column":2},"end":{"line":73,"column":4}},"12":{"start":{"line":54,"column":12},"end":{"line":54,"column":42}},"13":{"start":{"line":60,"column":14},"end":{"line":63,"column":17}},"14":{"start":{"line":76,"column":0},"end":{"line":76,"column":24}}},"fnMap":{"0":{"name":"(anonymous_0)","decl":{"start":{"line":19,"column":28},"end":{"line":19,"column":29}},"loc":{"start":{"line":19,"column":62},"end":{"line":74,"column":1}}},"1":{"name":"(anonymous_1)","decl":{"start":{"line":53,"column":32},"end":{"line":53,"column":33}},"loc":{"start":{"line":54,"column":12},"end":{"line":54,"column":42}}},"2":{"name":"(anonymous_2)","decl":{"start":{"line":59,"column":21},"end":{"line":59,"column":24}},"loc":{"start":{"line":59,"column":26},"end":{"line":64,"column":13}}}},"branchMap":{"0":{"loc":{"start":{"line":21,"column":19},"end":{"line":21,"column":74}},"type":"cond-expr","locations":[{"start":{"line":21,"column":31},"end":{"line":21,"column":52}},{"start":{"line":21,"column":55},"end":{"line":21,"column":74}}]},"1":{"loc":{"start":{"line":24,"column":19},"end":{"line":26,"column":7}},"type":"cond-expr","locations":[{"start":{"line":25,"column":6},"end":{"line":25,"column":50}},{"start":{"line":26,"column":6},"end":{"line":26,"column":7}}]},"2":{"loc":{"start":{"line":33,"column":9},"end":{"line":37,"column":16}},"type":"cond-expr","locations":[{"start":{"line":34,"column":10},"end":{"line":35,"column":null}},{"start":{"line":37,"column":12},"end":{"line":37,"column":16}}]},"3":{"loc":{"start":{"line":43,"column":9},"end":{"line":47,"column":16}},"type":"cond-expr","locations":[{"start":{"line":44,"column":10},"end":{"line":45,"column":null}},{"start":{"line":47,"column":12},"end":{"line":47,"column":16}}]}},"s":{"0":1,"1":1,"2":1,"3":1,"4":1,"5":1,"6":2,"7":2,"8":2,"9":2,"10":2,"11":2,"12":4,"13":1,"14":1},"f":{"0":2,"1":4,"2":1},"b":{"0":[0,2],"1":[0,2],"2":[0,2],"3":[0,2]}}
,"/Users/jass/Desktop/RETO-RIMAC-REACT/src/components/molecule/Stepper/Step.tsx": {"path":"/Users/jass/Desktop/RETO-RIMAC-REACT/src/components/molecule/Stepper/Step.tsx","statementMap":{"0":{"start":{"line":2,"column":0},"end":{"line":2,"column":23}},"1":{"start":{"line":3,"column":0},"end":{"line":3,"column":49}},"2":{"start":{"line":11,"column":24},"end":{"line":18,"column":1}},"3":{"start":{"line":12,"column":2},"end":{"line":17,"column":4}},"4":{"start":{"line":20,"column":0},"end":{"line":20,"column":20}}},"fnMap":{"0":{"name":"(anonymous_0)","decl":{"start":{"line":11,"column":24},"end":{"line":11,"column":25}},"loc":{"start":{"line":11,"column":51},"end":{"line":18,"column":1}}}},"branchMap":{"0":{"loc":{"start":{"line":13,"column":39},"end":{"line":13,"column":67}},"type":"cond-expr","locations":[{"start":{"line":13,"column":48},"end":{"line":13,"column":62}},{"start":{"line":13,"column":65},"end":{"line":13,"column":67}}]}},"s":{"0":3,"1":3,"2":3,"3":12,"4":3},"f":{"0":12},"b":{"0":[5,7]}}
,"/Users/jass/Desktop/RETO-RIMAC-REACT/src/components/molecule/Stepper/Stepper.tsx": {"path":"/Users/jass/Desktop/RETO-RIMAC-REACT/src/components/molecule/Stepper/Stepper.tsx","statementMap":{"0":{"start":{"line":2,"column":0},"end":{"line":2,"column":23}},"1":{"start":{"line":3,"column":0},"end":{"line":3,"column":26}},"2":{"start":{"line":11,"column":27},"end":{"line":26,"column":1}},"3":{"start":{"line":12,"column":2},"end":{"line":25,"column":4}},"4":{"start":{"line":16,"column":10},"end":{"line":17,"column":null}},"5":{"start":{"line":28,"column":0},"end":{"line":28,"column":23}}},"fnMap":{"0":{"name":"(anonymous_0)","decl":{"start":{"line":11,"column":27},"end":{"line":11,"column":28}},"loc":{"start":{"line":11,"column":54},"end":{"line":26,"column":1}}},"1":{"name":"(anonymous_1)","decl":{"start":{"line":15,"column":19},"end":{"line":15,"column":20}},"loc":{"start":{"line":16,"column":10},"end":{"line":17,"column":null}}}},"branchMap":{},"s":{"0":2,"1":2,"2":2,"3":3,"4":9,"5":2},"f":{"0":3,"1":9},"b":{}}
,"/Users/jass/Desktop/RETO-RIMAC-REACT/src/components/molecule/Stepper/StepperMobile.tsx": {"path":"/Users/jass/Desktop/RETO-RIMAC-REACT/src/components/molecule/Stepper/StepperMobile.tsx","statementMap":{"0":{"start":{"line":2,"column":0},"end":{"line":2,"column":23}},"1":{"start":{"line":9,"column":33},"end":{"line":29,"column":1}},"2":{"start":{"line":10,"column":29},"end":{"line":10,"column":68}},"3":{"start":{"line":12,"column":2},"end":{"line":28,"column":4}},"4":{"start":{"line":31,"column":0},"end":{"line":31,"column":29}}},"fnMap":{"0":{"name":"(anonymous_0)","decl":{"start":{"line":9,"column":33},"end":{"line":9,"column":34}},"loc":{"start":{"line":9,"column":60},"end":{"line":29,"column":1}}}},"branchMap":{},"s":{"0":2,"1":2,"2":2,"3":2,"4":2},"f":{"0":2},"b":{}}
,"/Users/jass/Desktop/RETO-RIMAC-REACT/src/components/molecule/Stepper/index.tsx": {"path":"/Users/jass/Desktop/RETO-RIMAC-REACT/src/components/molecule/Stepper/index.tsx","statementMap":{"0":{"start":{"line":1,"column":0},"end":{"line":1,"column":7}},"1":{"start":{"line":4,"column":9},"end":{"line":1,"column":32}},"2":{"start":{"line":2,"column":0},"end":{"line":2,"column":7}},"3":{"start":{"line":4,"column":18},"end":{"line":2,"column":44}}},"fnMap":{},"branchMap":{},"s":{"0":1,"1":1,"2":1,"3":1},"f":{},"b":{}}
,"/Users/jass/Desktop/RETO-RIMAC-REACT/src/components/root/Footer/Footer.tsx": {"path":"/Users/jass/Desktop/RETO-RIMAC-REACT/src/components/root/Footer/Footer.tsx","statementMap":{"0":{"start":{"line":1,"column":0},"end":{"line":1,"column":23}},"1":{"start":{"line":3,"column":15},"end":{"line":27,"column":1}},"2":{"start":{"line":4,"column":2},"end":{"line":26,"column":4}},"3":{"start":{"line":29,"column":0},"end":{"line":29,"column":22}}},"fnMap":{"0":{"name":"(anonymous_0)","decl":{"start":{"line":3,"column":15},"end":{"line":3,"column":18}},"loc":{"start":{"line":3,"column":20},"end":{"line":27,"column":1}}}},"branchMap":{},"s":{"0":2,"1":2,"2":2,"3":2},"f":{"0":2},"b":{}}
,"/Users/jass/Desktop/RETO-RIMAC-REACT/src/components/root/Footer/index.tsx": {"path":"/Users/jass/Desktop/RETO-RIMAC-REACT/src/components/root/Footer/index.tsx","statementMap":{"0":{"start":{"line":1,"column":0},"end":{"line":1,"column":9}},"1":{"start":{"line":1,"column":9},"end":{"line":1,"column":39}}},"fnMap":{"0":{"name":"(anonymous_0)","decl":{"start":{"line":1,"column":9},"end":{"line":1,"column":16}},"loc":{"start":{"line":1,"column":9},"end":{"line":1,"column":39}}}},"branchMap":{},"s":{"0":1,"1":2},"f":{"0":1},"b":{}}
,"/Users/jass/Desktop/RETO-RIMAC-REACT/src/components/root/Header/Header.tsx": {"path":"/Users/jass/Desktop/RETO-RIMAC-REACT/src/components/root/Header/Header.tsx","statementMap":{"0":{"start":{"line":2,"column":0},"end":{"line":2,"column":56}},"1":{"start":{"line":3,"column":0},"end":{"line":3,"column":23}},"2":{"start":{"line":4,"column":0},"end":{"line":4,"column":49}},"3":{"start":{"line":10,"column":26},"end":{"line":45,"column":1}},"4":{"start":{"line":11,"column":2},"end":{"line":44,"column":4}},"5":{"start":{"line":47,"column":0},"end":{"line":47,"column":22}}},"fnMap":{"0":{"name":"(anonymous_0)","decl":{"start":{"line":10,"column":26},"end":{"line":10,"column":27}},"loc":{"start":{"line":10,"column":54},"end":{"line":45,"column":1}}}},"branchMap":{"0":{"loc":{"start":{"line":10,"column":29},"end":{"line":10,"column":48}},"type":"default-arg","locations":[{"start":{"line":10,"column":43},"end":{"line":10,"column":48}}]},"1":{"loc":{"start":{"line":13,"column":38},"end":{"line":13,"column":78}},"type":"cond-expr","locations":[{"start":{"line":13,"column":52},"end":{"line":13,"column":73}},{"start":{"line":13,"column":76},"end":{"line":13,"column":78}}]}},"s":{"0":3,"1":3,"2":3,"3":3,"4":2,"5":3},"f":{"0":2},"b":{"0":[1],"1":[1,1]}}
,"/Users/jass/Desktop/RETO-RIMAC-REACT/src/components/root/Header/index.tsx": {"path":"/Users/jass/Desktop/RETO-RIMAC-REACT/src/components/root/Header/index.tsx","statementMap":{"0":{"start":{"line":1,"column":0},"end":{"line":1,"column":9}},"1":{"start":{"line":1,"column":9},"end":{"line":1,"column":35}}},"fnMap":{"0":{"name":"(anonymous_0)","decl":{"start":{"line":1,"column":9},"end":{"line":1,"column":16}},"loc":{"start":{"line":1,"column":9},"end":{"line":1,"column":35}}}},"branchMap":{},"s":{"0":2,"1":3},"f":{"0":1},"b":{}}
,"/Users/jass/Desktop/RETO-RIMAC-REACT/src/layouts/StepsLayout/Steps.tsx": {"path":"/Users/jass/Desktop/RETO-RIMAC-REACT/src/layouts/StepsLayout/Steps.tsx","statementMap":{"0":{"start":{"line":1,"column":0},"end":{"line":1,"column":75}},"1":{"start":{"line":2,"column":0},"end":{"line":2,"column":41}},"2":{"start":{"line":3,"column":0},"end":{"line":3,"column":58}},"3":{"start":{"line":4,"column":0},"end":{"line":4,"column":40}},"4":{"start":{"line":5,"column":0},"end":{"line":5,"column":47}},"5":{"start":{"line":6,"column":0},"end":{"line":6,"column":23}},"6":{"start":{"line":8,"column":14},"end":{"line":26,"column":1}},"7":{"start":{"line":9,"column":36},"end":{"line":9,"column":76}},"8":{"start":{"line":11,"column":2},"end":{"line":25,"column":4}},"9":{"start":{"line":28,"column":0},"end":{"line":28,"column":21}}},"fnMap":{"0":{"name":"(anonymous_0)","decl":{"start":{"line":8,"column":14},"end":{"line":8,"column":17}},"loc":{"start":{"line":8,"column":19},"end":{"line":26,"column":1}}}},"branchMap":{},"s":{"0":1,"1":1,"2":1,"3":1,"4":1,"5":1,"6":1,"7":0,"8":0,"9":1},"f":{"0":0},"b":{}}
,"/Users/jass/Desktop/RETO-RIMAC-REACT/src/layouts/StepsLayout/index.tsx": {"path":"/Users/jass/Desktop/RETO-RIMAC-REACT/src/layouts/StepsLayout/index.tsx","statementMap":{"0":{"start":{"line":2,"column":0},"end":{"line":2,"column":50}},"1":{"start":{"line":3,"column":0},"end":{"line":3,"column":28}},"2":{"start":{"line":4,"column":0},"end":{"line":4,"column":23}},"3":{"start":{"line":10,"column":31},"end":{"line":18,"column":1}},"4":{"start":{"line":11,"column":2},"end":{"line":17,"column":4}},"5":{"start":{"line":20,"column":0},"end":{"line":20,"column":27}}},"fnMap":{"0":{"name":"(anonymous_0)","decl":{"start":{"line":10,"column":31},"end":{"line":10,"column":32}},"loc":{"start":{"line":10,"column":48},"end":{"line":18,"column":1}}}},"branchMap":{},"s":{"0":1,"1":1,"2":1,"3":1,"4":0,"5":1},"f":{"0":0},"b":{}}
,"/Users/jass/Desktop/RETO-RIMAC-REACT/src/pages/Home/FormInformation.tsx": {"path":"/Users/jass/Desktop/RETO-RIMAC-REACT/src/pages/Home/FormInformation.tsx","statementMap":{"0":{"start":{"line":1,"column":0},"end":{"line":1,"column":49}},"1":{"start":{"line":2,"column":0},"end":{"line":2,"column":48}},"2":{"start":{"line":3,"column":0},"end":{"line":3,"column":50}},"3":{"start":{"line":4,"column":0},"end":{"line":4,"column":54}},"4":{"start":{"line":5,"column":0},"end":{"line":5,"column":48}},"5":{"start":{"line":6,"column":0},"end":{"line":6,"column":34}},"6":{"start":{"line":7,"column":0},"end":{"line":7,"column":69}},"7":{"start":{"line":8,"column":0},"end":{"line":8,"column":23}},"8":{"start":{"line":9,"column":0},"end":{"line":9,"column":42}},"9":{"start":{"line":10,"column":0},"end":{"line":10,"column":52}},"10":{"start":{"line":11,"column":0},"end":{"line":11,"column":47}},"11":{"start":{"line":12,"column":0},"end":{"line":12,"column":46}},"12":{"start":{"line":21,"column":24},"end":{"line":144,"column":1}},"13":{"start":{"line":22,"column":15},"end":{"line":22,"column":57}},"14":{"start":{"line":22,"column":41},"end":{"line":22,"column":56}},"15":{"start":{"line":23,"column":19},"end":{"line":23,"column":32}},"16":{"start":{"line":24,"column":19},"end":{"line":24,"column":32}},"17":{"start":{"line":32,"column":6},"end":{"line":32,"column":23}},"18":{"start":{"line":34,"column":2},"end":{"line":39,"column":13}},"19":{"start":{"line":35,"column":4},"end":{"line":35,"column":37}},"20":{"start":{"line":36,"column":4},"end":{"line":36,"column":53}},"21":{"start":{"line":37,"column":4},"end":{"line":37,"column":70}},"22":{"start":{"line":38,"column":4},"end":{"line":38,"column":64}},"23":{"start":{"line":41,"column":42},"end":{"line":53,"column":3}},"24":{"start":{"line":42,"column":4},"end":{"line":42,"column":22}},"25":{"start":{"line":42,"column":15},"end":{"line":42,"column":22}},"26":{"start":{"line":43,"column":70},"end":{"line":43,"column":74}},"27":{"start":{"line":44,"column":21},"end":{"line":50,"column":6}},"28":{"start":{"line":51,"column":4},"end":{"line":51,"column":35}},"29":{"start":{"line":52,"column":4},"end":{"line":52,"column":26}},"30":{"start":{"line":55,"column":2},"end":{"line":143,"column":4}},"31":{"start":{"line":105,"column":14},"end":{"line":107,"column":null}},"32":{"start":{"line":106,"column":33},"end":{"line":106,"column":59}},"33":{"start":{"line":125,"column":16},"end":{"line":127,"column":null}},"34":{"start":{"line":126,"column":35},"end":{"line":126,"column":61}},"35":{"start":{"line":146,"column":0},"end":{"line":146,"column":31}}},"fnMap":{"0":{"name":"(anonymous_0)","decl":{"start":{"line":21,"column":24},"end":{"line":21,"column":27}},"loc":{"start":{"line":21,"column":29},"end":{"line":144,"column":1}}},"1":{"name":"(anonymous_1)","decl":{"start":{"line":22,"column":30},"end":{"line":22,"column":31}},"loc":{"start":{"line":22,"column":41},"end":{"line":22,"column":56}}},"2":{"name":"(anonymous_2)","decl":{"start":{"line":34,"column":12},"end":{"line":34,"column":15}},"loc":{"start":{"line":34,"column":17},"end":{"line":39,"column":3}}},"3":{"name":"(anonymous_3)","decl":{"start":{"line":41,"column":42},"end":{"line":41,"column":43}},"loc":{"start":{"line":41,"column":51},"end":{"line":53,"column":3}}},"4":{"name":"(anonymous_4)","decl":{"start":{"line":104,"column":20},"end":{"line":104,"column":21}},"loc":{"start":{"line":105,"column":14},"end":{"line":107,"column":null}}},"5":{"name":"(anonymous_5)","decl":{"start":{"line":106,"column":26},"end":{"line":106,"column":27}},"loc":{"start":{"line":106,"column":33},"end":{"line":106,"column":59}}},"6":{"name":"(anonymous_6)","decl":{"start":{"line":124,"column":22},"end":{"line":124,"column":23}},"loc":{"start":{"line":125,"column":16},"end":{"line":127,"column":null}}},"7":{"name":"(anonymous_7)","decl":{"start":{"line":126,"column":28},"end":{"line":126,"column":29}},"loc":{"start":{"line":126,"column":35},"end":{"line":126,"column":61}}}},"branchMap":{"0":{"loc":{"start":{"line":35,"column":20},"end":{"line":35,"column":35}},"type":"binary-expr","locations":[{"start":{"line":35,"column":20},"end":{"line":35,"column":29}},{"start":{"line":35,"column":33},"end":{"line":35,"column":35}}]},"1":{"loc":{"start":{"line":36,"column":28},"end":{"line":36,"column":51}},"type":"binary-expr","locations":[{"start":{"line":36,"column":28},"end":{"line":36,"column":45}},{"start":{"line":36,"column":49},"end":{"line":36,"column":51}}]},"2":{"loc":{"start":{"line":37,"column":35},"end":{"line":37,"column":68}},"type":"binary-expr","locations":[{"start":{"line":37,"column":35},"end":{"line":37,"column":59}},{"start":{"line":37,"column":63},"end":{"line":37,"column":68}}]},"3":{"loc":{"start":{"line":38,"column":32},"end":{"line":38,"column":62}},"type":"binary-expr","locations":[{"start":{"line":38,"column":32},"end":{"line":38,"column":53}},{"start":{"line":38,"column":57},"end":{"line":38,"column":62}}]},"4":{"loc":{"start":{"line":42,"column":4},"end":{"line":42,"column":22}},"type":"if","locations":[{"start":{"line":42,"column":4},"end":{"line":42,"column":22}}]},"5":{"loc":{"start":{"line":84,"column":7},"end":{"line":84,"column":61}},"type":"cond-expr","locations":[{"start":{"line":84,"column":20},"end":{"line":84,"column":54}},{"start":{"line":84,"column":57},"end":{"line":84,"column":61}}]},"6":{"loc":{"start":{"line":93,"column":9},"end":{"line":93,"column":71}},"type":"cond-expr","locations":[{"start":{"line":93,"column":30},"end":{"line":93,"column":64}},{"start":{"line":93,"column":67},"end":{"line":93,"column":71}}]},"7":{"loc":{"start":{"line":113,"column":9},"end":{"line":113,"column":75}},"type":"cond-expr","locations":[{"start":{"line":113,"column":34},"end":{"line":113,"column":68}},{"start":{"line":113,"column":71},"end":{"line":113,"column":75}}]},"8":{"loc":{"start":{"line":133,"column":11},"end":{"line":135,"column":18}},"type":"cond-expr","locations":[{"start":{"line":134,"column":12},"end":{"line":134,"column":46}},{"start":{"line":135,"column":14},"end":{"line":135,"column":18}}]}},"s":{"0":2,"1":2,"2":2,"3":2,"4":2,"5":2,"6":2,"7":2,"8":2,"9":2,"10":2,"11":2,"12":2,"13":4,"14":4,"15":2,"16":2,"17":2,"18":2,"19":2,"20":2,"21":2,"22":2,"23":2,"24":0,"25":0,"26":0,"27":0,"28":0,"29":0,"30":2,"31":4,"32":0,"33":4,"34":0,"35":2},"f":{"0":4,"1":4,"2":2,"3":0,"4":4,"5":0,"6":4,"7":0},"b":{"0":[2,2],"1":[2,2],"2":[2,2],"3":[2,2],"4":[0],"5":[0,2],"6":[0,2],"7":[0,2],"8":[0,2]}}
,"/Users/jass/Desktop/RETO-RIMAC-REACT/src/pages/Home/index.tsx": {"path":"/Users/jass/Desktop/RETO-RIMAC-REACT/src/pages/Home/index.tsx","statementMap":{"0":{"start":{"line":1,"column":0},"end":{"line":1,"column":34}},"1":{"start":{"line":2,"column":0},"end":{"line":2,"column":49}},"2":{"start":{"line":3,"column":0},"end":{"line":3,"column":50}},"3":{"start":{"line":4,"column":0},"end":{"line":4,"column":50}},"4":{"start":{"line":5,"column":0},"end":{"line":5,"column":48}},"5":{"start":{"line":6,"column":0},"end":{"line":6,"column":23}},"6":{"start":{"line":7,"column":0},"end":{"line":7,"column":53}},"7":{"start":{"line":9,"column":13},"end":{"line":54,"column":1}},"8":{"start":{"line":10,"column":19},"end":{"line":10,"column":35}},"9":{"start":{"line":12,"column":2},"end":{"line":14,"column":9}},"10":{"start":{"line":13,"column":4},"end":{"line":13,"column":28}},"11":{"start":{"line":16,"column":2},"end":{"line":53,"column":4}},"12":{"start":{"line":56,"column":0},"end":{"line":56,"column":20}}},"fnMap":{"0":{"name":"(anonymous_0)","decl":{"start":{"line":9,"column":13},"end":{"line":9,"column":16}},"loc":{"start":{"line":9,"column":18},"end":{"line":54,"column":1}}},"1":{"name":"(anonymous_1)","decl":{"start":{"line":12,"column":12},"end":{"line":12,"column":15}},"loc":{"start":{"line":12,"column":17},"end":{"line":14,"column":3}}}},"branchMap":{},"s":{"0":1,"1":1,"2":1,"3":1,"4":1,"5":1,"6":1,"7":1,"8":2,"9":1,"10":1,"11":1,"12":1},"f":{"0":2,"1":1},"b":{}}
,"/Users/jass/Desktop/RETO-RIMAC-REACT/src/pages/Summary/SummaryCard.tsx": {"path":"/Users/jass/Desktop/RETO-RIMAC-REACT/src/pages/Summary/SummaryCard.tsx","statementMap":{"0":{"start":{"line":2,"column":0},"end":{"line":2,"column":23}},"1":{"start":{"line":14,"column":31},"end":{"line":41,"column":1}},"2":{"start":{"line":15,"column":2},"end":{"line":40,"column":4}},"3":{"start":{"line":43,"column":0},"end":{"line":43,"column":27}}},"fnMap":{"0":{"name":"(anonymous_0)","decl":{"start":{"line":14,"column":31},"end":{"line":14,"column":32}},"loc":{"start":{"line":14,"column":44},"end":{"line":41,"column":1}}}},"branchMap":{},"s":{"0":2,"1":2,"2":1,"3":2},"f":{"0":1},"b":{}}
,"/Users/jass/Desktop/RETO-RIMAC-REACT/src/pages/Summary/index.tsx": {"path":"/Users/jass/Desktop/RETO-RIMAC-REACT/src/pages/Summary/index.tsx","statementMap":{"0":{"start":{"line":1,"column":0},"end":{"line":1,"column":58}},"1":{"start":{"line":2,"column":0},"end":{"line":2,"column":52}},"2":{"start":{"line":3,"column":0},"end":{"line":3,"column":40}},"3":{"start":{"line":4,"column":0},"end":{"line":4,"column":50}},"4":{"start":{"line":5,"column":0},"end":{"line":5,"column":23}},"5":{"start":{"line":6,"column":0},"end":{"line":6,"column":46}},"6":{"start":{"line":7,"column":0},"end":{"line":7,"column":49}},"7":{"start":{"line":9,"column":16},"end":{"line":41,"column":1}},"8":{"start":{"line":10,"column":15},"end":{"line":10,"column":57}},"9":{"start":{"line":10,"column":41},"end":{"line":10,"column":56}},"10":{"start":{"line":11,"column":23},"end":{"line":11,"column":74}},"11":{"start":{"line":11,"column":49},"end":{"line":11,"column":73}},"12":{"start":{"line":13,"column":2},"end":{"line":15,"column":3}},"13":{"start":{"line":14,"column":4},"end":{"line":14,"column":40}},"14":{"start":{"line":16,"column":2},"end":{"line":18,"column":3}},"15":{"start":{"line":17,"column":4},"end":{"line":17,"column":41}},"16":{"start":{"line":20,"column":2},"end":{"line":40,"column":4}},"17":{"start":{"line":43,"column":0},"end":{"line":43,"column":23}}},"fnMap":{"0":{"name":"(anonymous_0)","decl":{"start":{"line":9,"column":16},"end":{"line":9,"column":19}},"loc":{"start":{"line":9,"column":21},"end":{"line":41,"column":1}}},"1":{"name":"(anonymous_1)","decl":{"start":{"line":10,"column":30},"end":{"line":10,"column":31}},"loc":{"start":{"line":10,"column":41},"end":{"line":10,"column":56}}},"2":{"name":"(anonymous_2)","decl":{"start":{"line":11,"column":38},"end":{"line":11,"column":39}},"loc":{"start":{"line":11,"column":49},"end":{"line":11,"column":73}}}},"branchMap":{"0":{"loc":{"start":{"line":13,"column":2},"end":{"line":15,"column":3}},"type":"if","locations":[{"start":{"line":13,"column":2},"end":{"line":15,"column":3}}]},"1":{"loc":{"start":{"line":16,"column":2},"end":{"line":18,"column":3}},"type":"if","locations":[{"start":{"line":16,"column":2},"end":{"line":18,"column":3}}]},"2":{"loc":{"start":{"line":32,"column":17},"end":{"line":32,"column":31}},"type":"binary-expr","locations":[{"start":{"line":32,"column":17},"end":{"line":32,"column":25}},{"start":{"line":32,"column":29},"end":{"line":32,"column":31}}]},"3":{"loc":{"start":{"line":33,"column":29},"end":{"line":33,"column":52}},"type":"binary-expr","locations":[{"start":{"line":33,"column":29},"end":{"line":33,"column":46}},{"start":{"line":33,"column":50},"end":{"line":33,"column":52}}]}},"s":{"0":1,"1":1,"2":1,"3":1,"4":1,"5":1,"6":1,"7":1,"8":2,"9":4,"10":2,"11":4,"12":2,"13":2,"14":0,"15":0,"16":0,"17":1},"f":{"0":2,"1":4,"2":4},"b":{"0":[2],"1":[0],"2":[0,0],"3":[0,0]}}
,"/Users/jass/Desktop/RETO-RIMAC-REACT/src/services/planService.ts": {"path":"/Users/jass/Desktop/RETO-RIMAC-REACT/src/services/planService.ts","statementMap":{"0":{"start":{"line":2,"column":0},"end":{"line":2,"column":62}},"1":{"start":{"line":8,"column":21},"end":{"line":8,"column":65}},"2":{"start":{"line":9,"column":17},"end":{"line":9,"column":38}},"3":{"start":{"line":10,"column":4},"end":{"line":10,"column":16}},"4":{"start":{"line":14,"column":0},"end":{"line":14,"column":27}}},"fnMap":{"0":{"name":"(anonymous_0)","decl":{"start":{"line":5,"column":2},"end":{"line":5,"column":8}},"loc":{"start":{"line":5,"column":22},"end":{"line":11,"column":3}}}},"branchMap":{},"s":{"0":3,"1":0,"2":0,"3":0,"4":3},"f":{"0":0},"b":{}}
,"/Users/jass/Desktop/RETO-RIMAC-REACT/src/services/userService.ts": {"path":"/Users/jass/Desktop/RETO-RIMAC-REACT/src/services/userService.ts","statementMap":{"0":{"start":{"line":2,"column":0},"end":{"line":2,"column":61}},"1":{"start":{"line":6,"column":21},"end":{"line":6,"column":64}},"2":{"start":{"line":7,"column":17},"end":{"line":7,"column":38}},"3":{"start":{"line":8,"column":4},"end":{"line":8,"column":16}},"4":{"start":{"line":12,"column":0},"end":{"line":12,"column":27}}},"fnMap":{"0":{"name":"(anonymous_0)","decl":{"start":{"line":5,"column":2},"end":{"line":5,"column":8}},"loc":{"start":{"line":5,"column":22},"end":{"line":9,"column":3}}}},"branchMap":{},"s":{"0":3,"1":1,"2":0,"3":0,"4":3},"f":{"0":1},"b":{}}
,"/Users/jass/Desktop/RETO-RIMAC-REACT/src/slices/homeSlice.ts": {"path":"/Users/jass/Desktop/RETO-RIMAC-REACT/src/slices/homeSlice.ts","statementMap":{"0":{"start":{"line":1,"column":0},"end":{"line":1,"column":80}},"1":{"start":{"line":2,"column":0},"end":{"line":2,"column":44}},"2":{"start":{"line":5,"column":0},"end":{"line":5,"column":50}},"3":{"start":{"line":11,"column":32},"end":{"line":13,"column":2}},"4":{"start":{"line":15,"column":13},"end":{"line":24,"column":2}},"5":{"start":{"line":18,"column":18},"end":{"line":18,"column":50}},"6":{"start":{"line":19,"column":17},"end":{"line":19,"column":32}},"7":{"start":{"line":20,"column":4},"end":{"line":20,"column":21}},"8":{"start":{"line":20,"column":14},"end":{"line":20,"column":21}},"9":{"start":{"line":21,"column":21},"end":{"line":21,"column":48}},"10":{"start":{"line":22,"column":4},"end":{"line":22,"column":44}},"11":{"start":{"line":26,"column":18},"end":{"line":34,"column":2}},"12":{"start":{"line":31,"column":6},"end":{"line":31,"column":34}},"13":{"start":{"line":36,"column":15},"end":{"line":36,"column":48}},"14":{"start":{"line":38,"column":0},"end":{"line":38,"column":33}}},"fnMap":{"0":{"name":"(anonymous_0)","decl":{"start":{"line":17,"column":2},"end":{"line":17,"column":7}},"loc":{"start":{"line":17,"column":24},"end":{"line":23,"column":3}}},"1":{"name":"(anonymous_1)","decl":{"start":{"line":30,"column":16},"end":{"line":30,"column":17}},"loc":{"start":{"line":30,"column":55},"end":{"line":32,"column":5}}}},"branchMap":{"0":{"loc":{"start":{"line":20,"column":4},"end":{"line":20,"column":21}},"type":"if","locations":[{"start":{"line":20,"column":4},"end":{"line":20,"column":21}}]}},"s":{"0":3,"1":3,"2":3,"3":3,"4":3,"5":1,"6":1,"7":1,"8":0,"9":1,"10":0,"11":3,"12":0,"13":3,"14":3},"f":{"0":1,"1":0},"b":{"0":[0]}}
,"/Users/jass/Desktop/RETO-RIMAC-REACT/src/slices/plansSlice.ts": {"path":"/Users/jass/Desktop/RETO-RIMAC-REACT/src/slices/plansSlice.ts","statementMap":{"0":{"start":{"line":1,"column":0},"end":{"line":1,"column":80}},"1":{"start":{"line":2,"column":0},"end":{"line":2,"column":44}},"2":{"start":{"line":5,"column":0},"end":{"line":5,"column":50}},"3":{"start":{"line":13,"column":32},"end":{"line":17,"column":2}},"4":{"start":{"line":19,"column":13},"end":{"line":28,"column":2}},"5":{"start":{"line":22,"column":18},"end":{"line":22,"column":50}},"6":{"start":{"line":23,"column":18},"end":{"line":23,"column":35}},"7":{"start":{"line":24,"column":4},"end":{"line":24,"column":29}},"8":{"start":{"line":24,"column":22},"end":{"line":24,"column":29}},"9":{"start":{"line":25,"column":17},"end":{"line":25,"column":44}},"10":{"start":{"line":26,"column":4},"end":{"line":26,"column":46}},"11":{"start":{"line":30,"column":19},"end":{"line":47,"column":2}},"12":{"start":{"line":35,"column":6},"end":{"line":35,"column":35}},"13":{"start":{"line":41,"column":6},"end":{"line":41,"column":44}},"14":{"start":{"line":44,"column":6},"end":{"line":44,"column":42}},"15":{"start":{"line":49,"column":13},"end":{"line":49,"column":null}},"16":{"start":{"line":52,"column":0},"end":{"line":52,"column":34}}},"fnMap":{"0":{"name":"(anonymous_0)","decl":{"start":{"line":21,"column":2},"end":{"line":21,"column":7}},"loc":{"start":{"line":21,"column":24},"end":{"line":27,"column":3}}},"1":{"name":"(anonymous_1)","decl":{"start":{"line":34,"column":17},"end":{"line":34,"column":18}},"loc":{"start":{"line":34,"column":58},"end":{"line":36,"column":5}}},"2":{"name":"(anonymous_2)","decl":{"start":{"line":37,"column":26},"end":{"line":37,"column":null}},"loc":{"start":{"line":40,"column":8},"end":{"line":42,"column":5}}},"3":{"name":"(anonymous_3)","decl":{"start":{"line":43,"column":24},"end":{"line":43,"column":25}},"loc":{"start":{"line":43,"column":63},"end":{"line":45,"column":5}}}},"branchMap":{"0":{"loc":{"start":{"line":24,"column":4},"end":{"line":24,"column":29}},"type":"if","locations":[{"start":{"line":24,"column":4},"end":{"line":24,"column":29}}]}},"s":{"0":3,"1":3,"2":3,"3":3,"4":3,"5":0,"6":0,"7":0,"8":0,"9":0,"10":0,"11":3,"12":0,"13":0,"14":0,"15":3,"16":3},"f":{"0":0,"1":0,"2":0,"3":0},"b":{"0":[0]}}
,"/Users/jass/Desktop/RETO-RIMAC-REACT/src/utils/constants.ts": {"path":"/Users/jass/Desktop/RETO-RIMAC-REACT/src/utils/constants.ts","statementMap":{"0":{"start":{"line":1,"column":13},"end":{"line":1,"column":44}},"1":{"start":{"line":2,"column":13},"end":{"line":3,"column":54}},"2":{"start":{"line":5,"column":13},"end":{"line":5,"column":37}},"3":{"start":{"line":6,"column":13},"end":{"line":6,"column":39}},"4":{"start":{"line":8,"column":13},"end":{"line":11,"column":3}},"5":{"start":{"line":13,"column":13},"end":{"line":16,"column":3}},"6":{"start":{"line":18,"column":13},"end":{"line":18,"column":52}},"7":{"start":{"line":20,"column":13},"end":{"line":24,"column":3}},"8":{"start":{"line":26,"column":13},"end":{"line":29,"column":3}}},"fnMap":{},"branchMap":{},"s":{"0":11,"1":11,"2":11,"3":11,"4":11,"5":11,"6":11,"7":11,"8":11},"f":{},"b":{}}
,"/Users/jass/Desktop/RETO-RIMAC-REACT/src/utils/data.ts": {"path":"/Users/jass/Desktop/RETO-RIMAC-REACT/src/utils/data.ts","statementMap":{"0":{"start":{"line":1,"column":0},"end":{"line":1,"column":51}},"1":{"start":{"line":3,"column":13},"end":{"line":12,"column":2}},"2":{"start":{"line":14,"column":13},"end":{"line":28,"column":2}}},"fnMap":{},"branchMap":{},"s":{"0":1,"1":1,"2":1},"f":{},"b":{}}
,"/Users/jass/Desktop/RETO-RIMAC-REACT/src/utils/util.ts": {"path":"/Users/jass/Desktop/RETO-RIMAC-REACT/src/utils/util.ts","statementMap":{"0":{"start":{"line":2,"column":0},"end":{"line":2,"column":36}},"1":{"start":{"line":4,"column":26},"end":{"line":6,"column":1}},"2":{"start":{"line":5,"column":2},"end":{"line":5,"column":43}},"3":{"start":{"line":4,"column":13},"end":{"line":4,"column":26}},"4":{"start":{"line":8,"column":27},"end":{"line":22,"column":1}},"5":{"start":{"line":9,"column":25},"end":{"line":9,"column":35}},"6":{"start":{"line":10,"column":14},"end":{"line":10,"column":15}},"7":{"start":{"line":11,"column":2},"end":{"line":14,"column":3}},"8":{"start":{"line":12,"column":4},"end":{"line":12,"column":44}},"9":{"start":{"line":12,"column":38},"end":{"line":12,"column":44}},"10":{"start":{"line":13,"column":4},"end":{"line":13,"column":12}},"11":{"start":{"line":16,"column":2},"end":{"line":16,"column":52}},"12":{"start":{"line":16,"column":19},"end":{"line":16,"column":52}},"13":{"start":{"line":18,"column":2},"end":{"line":21,"column":4}},"14":{"start":{"line":8,"column":13},"end":{"line":8,"column":27}},"15":{"start":{"line":24,"column":24},"end":{"line":29,"column":1}},"16":{"start":{"line":25,"column":16},"end":{"line":25,"column":26}},"17":{"start":{"line":26,"column":20},"end":{"line":26,"column":38}},"18":{"start":{"line":28,"column":2},"end":{"line":28,"column":55}},"19":{"start":{"line":24,"column":13},"end":{"line":24,"column":24}}},"fnMap":{"0":{"name":"(anonymous_0)","decl":{"start":{"line":4,"column":26},"end":{"line":4,"column":27}},"loc":{"start":{"line":4,"column":51},"end":{"line":6,"column":1}}},"1":{"name":"(anonymous_1)","decl":{"start":{"line":8,"column":27},"end":{"line":8,"column":28}},"loc":{"start":{"line":8,"column":63},"end":{"line":22,"column":1}}},"2":{"name":"(anonymous_2)","decl":{"start":{"line":24,"column":24},"end":{"line":24,"column":25}},"loc":{"start":{"line":24,"column":45},"end":{"line":29,"column":1}}}},"branchMap":{"0":{"loc":{"start":{"line":12,"column":4},"end":{"line":12,"column":44}},"type":"if","locations":[{"start":{"line":12,"column":4},"end":{"line":12,"column":44}}]},"1":{"loc":{"start":{"line":16,"column":2},"end":{"line":16,"column":52}},"type":"if","locations":[{"start":{"line":16,"column":2},"end":{"line":16,"column":52}}]}},"s":{"0":11,"1":11,"2":45,"3":11,"4":11,"5":0,"6":0,"7":0,"8":0,"9":0,"10":0,"11":0,"12":0,"13":0,"14":11,"15":11,"16":0,"17":0,"18":0,"19":11},"f":{"0":45,"1":0,"2":0},"b":{"0":[0],"1":[0]}}
}
