TN:
SF:src/app/hooks.ts
FNF:0
FNH:0
DA:1,3
DA:5,3
DA:6,3
LF:3
LH:3
BRF:0
BRH:0
end_of_record
TN:
SF:src/app/store.ts
FNF:0
FNH:0
DA:1,3
DA:2,3
DA:3,3
DA:6,3
LF:4
LH:4
BRF:0
BRH:0
end_of_record
TN:
SF:src/components/Icons/ArrowLeft.tsx
FN:1,(anonymous_0)
FNF:1
FNH:1
FNDA:2,(anonymous_0)
DA:1,2
DA:2,2
DA:15,2
LF:3
LH:3
BRF:0
BRH:0
end_of_record
TN:
SF:src/components/Icons/ArrowRight.tsx
FN:1,(anonymous_0)
FNF:1
FNH:0
FNDA:0,(anonymous_0)
DA:1,2
DA:2,0
DA:15,2
LF:3
LH:2
BRF:0
BRH:0
end_of_record
TN:
SF:src/components/Icons/index.tsx
FNF:0
FNH:0
DA:1,2
DA:2,2
DA:4,2
LF:3
LH:3
BRF:0
BRH:0
end_of_record
TN:
SF:src/components/atom/Badge/Badge.tsx
FN:12,(anonymous_0)
FNF:1
FNH:1
FNDA:5,(anonymous_0)
DA:2,4
DA:3,4
DA:4,4
DA:12,4
DA:13,5
DA:25,4
LF:6
LH:6
BRDA:12,0,0,4
BRDA:17,1,0,1
BRDA:17,1,1,4
BRF:3
BRH:3
end_of_record
TN:
SF:src/components/atom/Badge/index.tsx
FN:1,(anonymous_0)
FNF:1
FNH:1
FNDA:2,(anonymous_0)
DA:1,5
LF:1
LH:1
BRF:0
BRH:0
end_of_record
TN:
SF:src/components/atom/Button/Button.tsx
FN:13,(anonymous_0)
FN:15,(anonymous_1)
FNF:2
FNH:2
FNDA:9,(anonymous_0)
FNDA:1,(anonymous_1)
DA:2,4
DA:3,4
DA:13,4
DA:20,9
DA:34,4
LF:5
LH:5
BRDA:15,0,0,7
BRDA:16,1,0,6
BRDA:17,2,0,6
BRDA:18,3,0,6
BRDA:24,4,0,3
BRDA:24,4,1,6
BRDA:25,5,0,3
BRDA:25,5,1,6
BRF:8
BRH:8
end_of_record
TN:
SF:src/components/atom/Button/index.tsx
FN:1,(anonymous_0)
FNF:1
FNH:1
FNDA:4,(anonymous_0)
DA:1,7
LF:1
LH:1
BRF:0
BRH:0
end_of_record
TN:
SF:src/components/atom/ButtonBack/ButtonBack.tsx
FN:9,(anonymous_0)
FN:9,(anonymous_1)
FNF:2
FNH:1
FNDA:2,(anonymous_0)
FNDA:0,(anonymous_1)
DA:2,2
DA:3,2
DA:9,2
DA:10,2
DA:20,2
LF:5
LH:5
BRDA:9,0,0,1
BRF:1
BRH:1
end_of_record
TN:
SF:src/components/atom/ButtonBack/index.tsx
FN:1,(anonymous_0)
FNF:1
FNH:0
FNDA:0,(anonymous_0)
DA:1,1
LF:1
LH:1
BRF:0
BRH:0
end_of_record
TN:
SF:src/components/atom/Checkbox/Checkbox.tsx
FN:12,(anonymous_0)
FNF:1
FNH:1
FNDA:11,(anonymous_0)
DA:1,3
DA:2,3
DA:11,3
DA:13,11
DA:27,3
LF:5
LH:5
BRF:0
BRH:0
end_of_record
TN:
SF:src/components/atom/Checkbox/index.tsx
FN:1,(anonymous_0)
FNF:1
FNH:1
FNDA:8,(anonymous_0)
DA:1,10
LF:1
LH:1
BRF:0
BRH:0
end_of_record
TN:
SF:src/components/atom/Input/Input.tsx
FN:15,(anonymous_0)
FNF:1
FNH:1
FNDA:9,(anonymous_0)
DA:1,3
DA:2,3
DA:3,3
DA:14,3
DA:16,9
DA:39,3
LF:6
LH:6
BRDA:15,0,0,6
BRDA:20,1,0,6
BRDA:20,1,1,3
BRF:3
BRH:3
end_of_record
TN:
SF:src/components/atom/Input/index.tsx
FN:1,(anonymous_0)
FNF:1
FNH:1
FNDA:4,(anonymous_0)
DA:1,6
LF:1
LH:1
BRF:0
BRH:0
end_of_record
TN:
SF:src/components/atom/Spinner/Spinner.tsx
FN:3,(anonymous_0)
FNF:1
FNH:1
FNDA:1,(anonymous_0)
DA:1,1
DA:3,1
DA:4,1
DA:7,1
LF:4
LH:4
BRF:0
BRH:0
end_of_record
TN:
SF:src/components/molecule/OptionCard/OptionCard.tsx
FN:13,(anonymous_0)
FN:15,(anonymous_1)
FNF:2
FNH:1
FNDA:4,(anonymous_0)
FNDA:0,(anonymous_1)
DA:2,1
DA:3,1
DA:13,1
DA:19,4
DA:55,1
LF:5
LH:5
BRDA:14,0,0,2
BRDA:15,1,0,3
BRDA:24,2,0,2
BRDA:24,2,1,2
BRDA:31,3,0,2
BRDA:31,3,1,2
BRDA:34,4,0,2
BRDA:34,4,1,2
BRF:8
BRH:8
end_of_record
TN:
SF:src/components/molecule/PlanCard/PlanCard.tsx
FN:19,(anonymous_0)
FN:53,(anonymous_1)
FN:59,(anonymous_2)
FNF:3
FNH:3
FNDA:2,(anonymous_0)
FNDA:4,(anonymous_1)
FNDA:1,(anonymous_2)
DA:3,1
DA:4,1
DA:5,1
DA:10,1
DA:11,1
DA:19,1
DA:20,2
DA:21,2
DA:22,2
DA:24,2
DA:28,2
DA:30,2
DA:54,4
DA:60,1
DA:76,1
LF:15
LH:15
BRDA:21,0,0,0
BRDA:21,0,1,2
BRDA:24,1,0,0
BRDA:24,1,1,2
BRDA:33,2,0,0
BRDA:33,2,1,2
BRDA:43,3,0,0
BRDA:43,3,1,2
BRF:8
BRH:4
end_of_record
TN:
SF:src/components/molecule/Stepper/Step.tsx
FN:11,(anonymous_0)
FNF:1
FNH:1
FNDA:12,(anonymous_0)
DA:2,3
DA:3,3
DA:11,3
DA:12,12
DA:20,3
LF:5
LH:5
BRDA:13,0,0,5
BRDA:13,0,1,7
BRF:2
BRH:2
end_of_record
TN:
SF:src/components/molecule/Stepper/Stepper.tsx
FN:11,(anonymous_0)
FN:15,(anonymous_1)
FNF:2
FNH:2
FNDA:3,(anonymous_0)
FNDA:9,(anonymous_1)
DA:2,2
DA:3,2
DA:11,2
DA:12,3
DA:16,9
DA:28,2
LF:6
LH:6
BRF:0
BRH:0
end_of_record
TN:
SF:src/components/molecule/Stepper/StepperMobile.tsx
FN:9,(anonymous_0)
FNF:1
FNH:1
FNDA:2,(anonymous_0)
DA:2,2
DA:9,2
DA:10,2
DA:12,2
DA:31,2
LF:5
LH:5
BRF:0
BRH:0
end_of_record
TN:
SF:src/components/molecule/Stepper/index.tsx
FNF:0
FNH:0
DA:1,1
DA:2,1
DA:4,1
LF:3
LH:3
BRF:0
BRH:0
end_of_record
TN:
SF:src/components/root/Footer/Footer.tsx
FN:3,(anonymous_0)
FNF:1
FNH:1
FNDA:2,(anonymous_0)
DA:1,2
DA:3,2
DA:4,2
DA:29,2
LF:4
LH:4
BRF:0
BRH:0
end_of_record
TN:
SF:src/components/root/Footer/index.tsx
FN:1,(anonymous_0)
FNF:1
FNH:1
FNDA:1,(anonymous_0)
DA:1,2
LF:1
LH:1
BRF:0
BRH:0
end_of_record
TN:
SF:src/components/root/Header/Header.tsx
FN:10,(anonymous_0)
FNF:1
FNH:1
FNDA:2,(anonymous_0)
DA:2,3
DA:3,3
DA:4,3
DA:10,3
DA:11,2
DA:47,3
LF:6
LH:6
BRDA:10,0,0,1
BRDA:13,1,0,1
BRDA:13,1,1,1
BRF:3
BRH:3
end_of_record
TN:
SF:src/components/root/Header/index.tsx
FN:1,(anonymous_0)
FNF:1
FNH:1
FNDA:1,(anonymous_0)
DA:1,3
LF:1
LH:1
BRF:0
BRH:0
end_of_record
TN:
SF:src/layouts/StepsLayout/Steps.tsx
FN:8,(anonymous_0)
FNF:1
FNH:0
FNDA:0,(anonymous_0)
DA:1,1
DA:2,1
DA:3,1
DA:4,1
DA:5,1
DA:6,1
DA:8,1
DA:9,0
DA:11,0
DA:28,1
LF:10
LH:8
BRF:0
BRH:0
end_of_record
TN:
SF:src/layouts/StepsLayout/index.tsx
FN:10,(anonymous_0)
FNF:1
FNH:0
FNDA:0,(anonymous_0)
DA:2,1
DA:3,1
DA:4,1
DA:10,1
DA:11,0
DA:20,1
LF:6
LH:5
BRF:0
BRH:0
end_of_record
TN:
SF:src/pages/Home/FormInformation.tsx
FN:21,(anonymous_0)
FN:22,(anonymous_1)
FN:34,(anonymous_2)
FN:41,(anonymous_3)
FN:104,(anonymous_4)
FN:106,(anonymous_5)
FN:124,(anonymous_6)
FN:126,(anonymous_7)
FNF:8
FNH:5
FNDA:4,(anonymous_0)
FNDA:4,(anonymous_1)
FNDA:2,(anonymous_2)
FNDA:0,(anonymous_3)
FNDA:4,(anonymous_4)
FNDA:0,(anonymous_5)
FNDA:4,(anonymous_6)
FNDA:0,(anonymous_7)
DA:1,2
DA:2,2
DA:3,2
DA:4,2
DA:5,2
DA:6,2
DA:7,2
DA:8,2
DA:9,2
DA:10,2
DA:11,2
DA:12,2
DA:21,2
DA:22,4
DA:23,2
DA:24,2
DA:32,2
DA:34,2
DA:35,2
DA:36,2
DA:37,2
DA:38,2
DA:41,2
DA:42,0
DA:43,0
DA:44,0
DA:51,0
DA:52,0
DA:55,2
DA:105,4
DA:106,0
DA:125,4
DA:126,0
DA:146,2
LF:34
LH:27
BRDA:35,0,0,2
BRDA:35,0,1,2
BRDA:36,1,0,2
BRDA:36,1,1,2
BRDA:37,2,0,2
BRDA:37,2,1,2
BRDA:38,3,0,2
BRDA:38,3,1,2
BRDA:42,4,0,0
BRDA:84,5,0,0
BRDA:84,5,1,2
BRDA:93,6,0,0
BRDA:93,6,1,2
BRDA:113,7,0,0
BRDA:113,7,1,2
BRDA:133,8,0,0
BRDA:133,8,1,2
BRF:17
BRH:12
end_of_record
TN:
SF:src/pages/Home/index.tsx
FN:9,(anonymous_0)
FN:12,(anonymous_1)
FNF:2
FNH:2
FNDA:2,(anonymous_0)
FNDA:1,(anonymous_1)
DA:1,1
DA:2,1
DA:3,1
DA:4,1
DA:5,1
DA:6,1
DA:7,1
DA:9,1
DA:10,2
DA:12,1
DA:13,1
DA:16,1
DA:56,1
LF:13
LH:13
BRF:0
BRH:0
end_of_record
TN:
SF:src/pages/Summary/SummaryCard.tsx
FN:14,(anonymous_0)
FNF:1
FNH:1
FNDA:1,(anonymous_0)
DA:2,2
DA:14,2
DA:15,1
DA:43,2
LF:4
LH:4
BRF:0
BRH:0
end_of_record
TN:
SF:src/pages/Summary/index.tsx
FN:9,(anonymous_0)
FN:10,(anonymous_1)
FN:11,(anonymous_2)
FNF:3
FNH:3
FNDA:2,(anonymous_0)
FNDA:4,(anonymous_1)
FNDA:4,(anonymous_2)
DA:1,1
DA:2,1
DA:3,1
DA:4,1
DA:5,1
DA:6,1
DA:7,1
DA:9,1
DA:10,4
DA:11,4
DA:13,2
DA:14,2
DA:16,0
DA:17,0
DA:20,0
DA:43,1
LF:16
LH:13
BRDA:13,0,0,2
BRDA:16,1,0,0
BRDA:32,2,0,0
BRDA:32,2,1,0
BRDA:33,3,0,0
BRDA:33,3,1,0
BRF:6
BRH:1
end_of_record
TN:
SF:src/services/planService.ts
FN:5,(anonymous_0)
FNF:1
FNH:0
FNDA:0,(anonymous_0)
DA:2,3
DA:8,0
DA:9,0
DA:10,0
DA:14,3
LF:5
LH:2
BRF:0
BRH:0
end_of_record
TN:
SF:src/services/userService.ts
FN:5,(anonymous_0)
FNF:1
FNH:1
FNDA:1,(anonymous_0)
DA:2,3
DA:6,1
DA:7,0
DA:8,0
DA:12,3
LF:5
LH:3
BRF:0
BRH:0
end_of_record
TN:
SF:src/slices/homeSlice.ts
FN:17,(anonymous_0)
FN:30,(anonymous_1)
FNF:2
FNH:1
FNDA:1,(anonymous_0)
FNDA:0,(anonymous_1)
DA:1,3
DA:2,3
DA:5,3
DA:11,3
DA:15,3
DA:18,1
DA:19,1
DA:20,1
DA:21,1
DA:22,0
DA:26,3
DA:31,0
DA:36,3
DA:38,3
LF:14
LH:12
BRDA:20,0,0,0
BRF:1
BRH:0
end_of_record
TN:
SF:src/slices/plansSlice.ts
FN:21,(anonymous_0)
FN:34,(anonymous_1)
FN:37,(anonymous_2)
FN:43,(anonymous_3)
FNF:4
FNH:0
FNDA:0,(anonymous_0)
FNDA:0,(anonymous_1)
FNDA:0,(anonymous_2)
FNDA:0,(anonymous_3)
DA:1,3
DA:2,3
DA:5,3
DA:13,3
DA:19,3
DA:22,0
DA:23,0
DA:24,0
DA:25,0
DA:26,0
DA:30,3
DA:35,0
DA:41,0
DA:44,0
DA:49,3
DA:52,3
LF:16
LH:8
BRDA:24,0,0,0
BRF:1
BRH:0
end_of_record
TN:
SF:src/utils/constants.ts
FNF:0
FNH:0
DA:1,11
DA:2,11
DA:5,11
DA:6,11
DA:8,11
DA:13,11
DA:18,11
DA:20,11
DA:26,11
LF:9
LH:9
BRF:0
BRH:0
end_of_record
TN:
SF:src/utils/data.ts
FNF:0
FNH:0
DA:1,1
DA:3,1
DA:14,1
LF:3
LH:3
BRF:0
BRH:0
end_of_record
TN:
SF:src/utils/util.ts
FN:4,(anonymous_0)
FN:8,(anonymous_1)
FN:24,(anonymous_2)
FNF:3
FNH:1
FNDA:45,(anonymous_0)
FNDA:0,(anonymous_1)
FNDA:0,(anonymous_2)
DA:2,11
DA:4,11
DA:5,45
DA:8,11
DA:9,0
DA:10,0
DA:11,0
DA:12,0
DA:13,0
DA:16,0
DA:18,0
DA:24,11
DA:25,0
DA:26,0
DA:28,0
LF:15
LH:5
BRDA:12,0,0,0
BRDA:16,1,0,0
BRF:2
BRH:0
end_of_record
